
Circuit 1 cell sky130_fd_pr__pfet_01v8 and Circuit 2 cell sky130_fd_pr__pfet_01v8 are black boxes.
Warning: Equate pins:  cell sky130_fd_pr__pfet_01v8 is a placeholder, treated as a black box.
Warning: Equate pins:  cell sky130_fd_pr__pfet_01v8 is a placeholder, treated as a black box.

Subcircuit pins:
Circuit 1: sky130_fd_pr__pfet_01v8         |Circuit 2: sky130_fd_pr__pfet_01v8         
-------------------------------------------|-------------------------------------------
1                                          |1                                          
2                                          |2                                          
3                                          |3                                          
4                                          |4                                          
---------------------------------------------------------------------------------------
Cell pin lists are equivalent.
Device classes sky130_fd_pr__pfet_01v8 and sky130_fd_pr__pfet_01v8 are equivalent.

Circuit 1 cell sky130_fd_pr__nfet_01v8 and Circuit 2 cell sky130_fd_pr__nfet_01v8 are black boxes.
Warning: Equate pins:  cell sky130_fd_pr__nfet_01v8 is a placeholder, treated as a black box.
Warning: Equate pins:  cell sky130_fd_pr__nfet_01v8 is a placeholder, treated as a black box.

Subcircuit pins:
Circuit 1: sky130_fd_pr__nfet_01v8         |Circuit 2: sky130_fd_pr__nfet_01v8         
-------------------------------------------|-------------------------------------------
1                                          |1                                          
2                                          |2                                          
3                                          |3                                          
4                                          |4                                          
---------------------------------------------------------------------------------------
Cell pin lists are equivalent.
Device classes sky130_fd_pr__nfet_01v8 and sky130_fd_pr__nfet_01v8 are equivalent.
Flattening unmatched subcell sky130_fd_pr__pfet_01v8_NMD27C in circuit OTA (0)(1 instance)
Flattening unmatched subcell sky130_fd_pr__nfet_01v8_AU26WV in circuit OTA (0)(1 instance)
Flattening unmatched subcell sky130_fd_pr__nfet_01v8_XM3YXQ in circuit OTA (0)(2 instances)
Flattening unmatched subcell sky130_fd_pr__nfet_01v8_KA9NCW in circuit OTA (0)(1 instance)
Flattening unmatched subcell sky130_fd_pr__nfet_01v8_EBA9PD in circuit OTA (0)(2 instances)
Flattening unmatched subcell sky130_fd_pr__pfet_01v8_QB68LT in circuit OTA (0)(2 instances)
Flattening unmatched subcell sky130_fd_pr__pfet_01v8_NMMXDC in circuit OTA (0)(2 instances)
Flattening unmatched subcell sky130_fd_pr__nfet_01v8_6FB5RF in circuit OTA (0)(2 instances)

Class OTA (0):  Merged 81 parallel devices.
Subcircuit summary:
Circuit 1: OTA                             |Circuit 2: OTA                             
-------------------------------------------|-------------------------------------------
sky130_fd_pr__pfet_01v8 (53->5)            |sky130_fd_pr__pfet_01v8 (5)                
sky130_fd_pr__nfet_01v8 (41->8)            |sky130_fd_pr__nfet_01v8 (8)                
Number of devices: 13                      |Number of devices: 13                      
Number of nets: 16                         |Number of nets: 16                         
---------------------------------------------------------------------------------------
Netlists match uniquely.

Subcircuit pins:
Circuit 1: OTA                             |Circuit 2: OTA                             
-------------------------------------------|-------------------------------------------
vc                                         |vc                                         
vout                                       |vout                                       
vb                                         |vb                                         
va                                         |va                                         
vss                                        |vss                                        
vin                                        |vin                                        
vip                                        |vip                                        
vdo                                        |vdo                                        
vdd                                        |vdd                                        
---------------------------------------------------------------------------------------
Cell pin lists are equivalent.
Device classes OTA and OTA are equivalent.

Final result: Circuits match uniquely.
.
